<?xml version="1.0" encoding="UTF-8"?>
<testng-results skipped="0" failed="0" total="7" passed="7">
  <reporter-output>
  </reporter-output>
  <suite name="com.mentoring.epam.test.lesson9.testSuite.Google_Test" duration-ms="16989" started-at="2015-04-05T23:17:37Z" finished-at="2015-04-05T23:17:54Z">
    <groups>
    </groups>
    <test name="Command line test" duration-ms="16989" started-at="2015-04-05T23:17:37Z" finished-at="2015-04-05T23:17:54Z">
      <class name="com.mentoring.epam.test.lesson9.testSuite.Google_Test">
        <test-method status="PASS" signature="startBrowser()" name="startBrowser" is-config="true" duration-ms="3128" started-at="2015-04-05T23:17:37Z" description="Start Firefox. Open google" finished-at="2015-04-05T23:17:40Z">
        </test-method>
        <test-method status="PASS" signature="login()" name="login" duration-ms="3977" started-at="2015-04-05T23:17:40Z" description="Login to mailbox" finished-at="2015-04-05T23:17:44Z">
        </test-method>
        <test-method status="PASS" signature="letterCreation()" name="letterCreation" duration-ms="1037" started-at="2015-04-05T23:17:44Z" description="Letter creation" depends-on-methods="com.mentoring.epam.test.lesson9.testSuite.Google_Test.login" finished-at="2015-04-05T23:17:45Z">
        </test-method>
        <test-method status="PASS" signature="sendNewLetter()" name="sendNewLetter" duration-ms="2556" started-at="2015-04-05T23:17:45Z" description="Send letter" depends-on-methods="com.mentoring.epam.test.lesson9.testSuite.Google_Test.letterCreation" finished-at="2015-04-05T23:17:47Z">
        </test-method>
        <test-method status="PASS" signature="checkMessage()" name="checkMessage" duration-ms="2120" started-at="2015-04-05T23:17:47Z" description="Check letter in drafts" depends-on-methods="com.mentoring.epam.test.lesson9.testSuite.Google_Test.sendNewLetter" finished-at="2015-04-05T23:17:50Z">
        </test-method>
        <test-method status="PASS" signature="sendLetterAgain()" name="sendLetterAgain" duration-ms="514" started-at="2015-04-05T23:17:50Z" description="Send letter" depends-on-methods="com.mentoring.epam.test.lesson9.testSuite.Google_Test.checkMessage" finished-at="2015-04-05T23:17:50Z">
        </test-method>
        <test-method status="PASS" signature="checkSended()" name="checkSended" duration-ms="1275" started-at="2015-04-05T23:17:50Z" description="Check sended" depends-on-methods="com.mentoring.epam.test.lesson9.testSuite.Google_Test.sendLetterAgain" finished-at="2015-04-05T23:17:51Z">
        </test-method>
        <test-method status="PASS" signature="logout()" name="logout" duration-ms="2146" started-at="2015-04-05T23:17:51Z" description="Logout" depends-on-methods="com.mentoring.epam.test.lesson9.testSuite.Google_Test.checkSended" finished-at="2015-04-05T23:17:54Z">
        </test-method>
        <test-method status="PASS" signature="tearDown()" name="tearDown" is-config="true" duration-ms="225" started-at="2015-04-05T23:17:54Z" description="Stop browser" finished-at="2015-04-05T23:17:54Z">
        </test-method>
      </class>
    </test>
  </suite>
</testng-results>
