<?xml version="1.0" encoding="UTF-8"?>
<testsuite hostname="1-PC" name="com.mentoring.epam.test.lesson9.testSuite.Google_Test" tests="7" failures="0" timestamp="5 Apr 2015 20:17:54 GMT" time="16.989" errors="0">
  <testcase name="login" time="3.977" classname="com.mentoring.epam.test.lesson9.testSuite.Google_Test"/>
  <testcase name="letterCreation" time="1.037" classname="com.mentoring.epam.test.lesson9.testSuite.Google_Test"/>
  <testcase name="sendNewLetter" time="2.556" classname="com.mentoring.epam.test.lesson9.testSuite.Google_Test"/>
  <testcase name="checkMessage" time="2.12" classname="com.mentoring.epam.test.lesson9.testSuite.Google_Test"/>
  <testcase name="sendLetterAgain" time="0.514" classname="com.mentoring.epam.test.lesson9.testSuite.Google_Test"/>
  <testcase name="checkSended" time="1.275" classname="com.mentoring.epam.test.lesson9.testSuite.Google_Test"/>
  <testcase name="logout" time="2.146" classname="com.mentoring.epam.test.lesson9.testSuite.Google_Test"/>
</testsuite>
